{"43f8868a367ff70177a99838d39c5b33":{"statistic":{"failed":2,"broken":0,"skipped":0,"passed":0,"unknown":0,"total":2},"items":[{"uid":"7b889eda95d72390","reportUrl":"https://HolmesMR-AL.github.io/Appium_test/55//#testresult/7b889eda95d72390","status":"failed","statusDetails":"Failed: Failing test","time":{"start":1728906576131,"stop":1728906576133,"duration":2}},{"uid":"80dfbc2c4f4efaed","reportUrl":"https://HolmesMR-AL.github.io/Appium_test/55//#testresult/80dfbc2c4f4efaed","status":"failed","statusDetails":"Failed: Failing test","time":{"start":1728906563881,"stop":1728906563882,"duration":1}}]},"18455ff11cc211871be1dfe5684d0764":{"statistic":{"failed":0,"broken":1,"skipped":0,"passed":1,"unknown":0,"total":2},"items":[{"uid":"19d4efdc0824dbd7","reportUrl":"https://HolmesMR-AL.github.io/Appium_test/55//#testresult/19d4efdc0824dbd7","status":"broken","statusDetails":"selenium.common.exceptions.NoSuchElementException: Message: no such element: Unable to locate element: {\"method\":\"xpath\",\"selector\":\"//header/div/button\"}\n  (Session info: chrome=83.0.4103.106); For documentation on this error, please visit: https://www.selenium.dev/documentation/webdriver/troubleshooting/errors#no-such-element-exception\nStacktrace:\n#0 0x55cd35e2c579 <unknown>","time":{"start":1728906609195,"stop":1728906624219,"duration":15024}},{"uid":"b3f162343ce6d59b","reportUrl":"https://HolmesMR-AL.github.io/Appium_test/55//#testresult/b3f162343ce6d59b","status":"passed","time":{"start":1728906605554,"stop":1728906607293,"duration":1739}}]},"bca863d44fd8418c561fbd7e510bad25":{"statistic":{"failed":0,"broken":0,"skipped":0,"passed":2,"unknown":0,"total":2},"items":[{"uid":"7594722c66253c59","reportUrl":"https://HolmesMR-AL.github.io/Appium_test/55//#testresult/7594722c66253c59","status":"passed","time":{"start":1728906576196,"stop":1728906583372,"duration":7176}},{"uid":"ce1bc73142dfb38b","reportUrl":"https://HolmesMR-AL.github.io/Appium_test/55//#testresult/ce1bc73142dfb38b","status":"passed","time":{"start":1728906563953,"stop":1728906572389,"duration":8436}}]},"6da2b1395d3231bd0adf8de4d637e547":{"statistic":{"failed":0,"broken":2,"skipped":0,"passed":0,"unknown":0,"total":2},"items":[{"uid":"eb1bea1edd1932f6","reportUrl":"https://HolmesMR-AL.github.io/Appium_test/55//#testresult/eb1bea1edd1932f6","status":"broken","statusDetails":"selenium.common.exceptions.MoveTargetOutOfBoundsException: Message: move target out of bounds\n  (Session info: chrome=83.0.4103.106)\nStacktrace:\n#0 0x55cd35e2c579 <unknown>","time":{"start":1728906624236,"stop":1728906640270,"duration":16034}},{"uid":"f14b45e035501b31","reportUrl":"https://HolmesMR-AL.github.io/Appium_test/55//#testresult/f14b45e035501b31","status":"broken","statusDetails":"selenium.common.exceptions.MoveTargetOutOfBoundsException: Message: move target out of bounds\n  (Session info: chrome=83.0.4103.106)\nStacktrace:\n#0 0x5617f88ab579 <unknown>","time":{"start":1728906607295,"stop":1728906623418,"duration":16123}}]},"d3e1441c2b213534ba6821219689e486":{"statistic":{"failed":0,"broken":2,"skipped":0,"passed":0,"unknown":0,"total":2},"items":[{"uid":"8c90db8dfd746d92","reportUrl":"https://HolmesMR-AL.github.io/Appium_test/55//#testresult/8c90db8dfd746d92","status":"broken","statusDetails":"selenium.common.exceptions.NoSuchElementException: Message: no such element: Unable to locate element: {\"method\":\"xpath\",\"selector\":\"//button[@aria-label=\"view\"]\"}\n  (Session info: chrome=83.0.4103.106); For documentation on this error, please visit: https://www.selenium.dev/documentation/webdriver/troubleshooting/errors#no-such-element-exception\nStacktrace:\n#0 0x55cd35e2c579 <unknown>","time":{"start":1728906591102,"stop":1728906609178,"duration":18076}},{"uid":"af263cd01f8493a0","reportUrl":"https://HolmesMR-AL.github.io/Appium_test/55//#testresult/af263cd01f8493a0","status":"broken","statusDetails":"selenium.common.exceptions.NoSuchElementException: Message: no such element: Unable to locate element: {\"method\":\"xpath\",\"selector\":\"//button[@data-testid='modal-close']\"}\n  (Session info: chrome=83.0.4103.106); For documentation on this error, please visit: https://www.selenium.dev/documentation/webdriver/troubleshooting/errors#no-such-element-exception\nStacktrace:\n#0 0x5617f88ab579 <unknown>","time":{"start":1728906581262,"stop":1728906605527,"duration":24265}}]},"af52238d7ee13a4d3d9fb66d5470d685":{"statistic":{"failed":0,"broken":1,"skipped":0,"passed":1,"unknown":0,"total":2},"items":[{"uid":"723137727c240add","reportUrl":"https://HolmesMR-AL.github.io/Appium_test/55//#testresult/723137727c240add","status":"broken","statusDetails":"selenium.common.exceptions.ElementClickInterceptedException: Message: element click intercepted: Element <button class=\"MuiButtonBase-root MuiButton-root MuiButton-contained MuiButton-containedPrimary MuiButton-sizeMedium MuiButton-containedSizeMedium MuiButton-colorPrimary MuiButton-fullWidth MuiButton-root MuiButton-contained MuiButton-containedPrimary MuiButton-sizeMedium MuiButton-containedSizeMedium MuiButton-colorPrimary MuiButton-fullWidth css-mm6vw2\" tabindex=\"0\" type=\"submit\">...</button> is not clickable at point (180, 338). Other element would receive the click: <form class=\"MuiBox-root css-1j41l18\" novalidate=\"\">...</form>\n  (Session info: chrome=83.0.4103.106)\nStacktrace:\n#0 0x55cd35e2c579 <unknown>","time":{"start":1728906583374,"stop":1728906591048,"duration":7674}},{"uid":"e565a5b4e7571ecc","reportUrl":"https://HolmesMR-AL.github.io/Appium_test/55//#testresult/e565a5b4e7571ecc","status":"passed","time":{"start":1728906572391,"stop":1728906581259,"duration":8868}}]}}