{"uid":"19d4efdc0824dbd7","name":"Open Dashboard Menu","fullName":"test.test_WebApp#test_open_menu_then_customers","historyId":"18455ff11cc211871be1dfe5684d0764","time":{"start":1728906609195,"stop":1728906624219,"duration":15024},"description":"\n    Open the Customers page\n    ","descriptionHtml":"<pre><code>Open the Customers page\n</code></pre>\n","status":"broken","statusMessage":"selenium.common.exceptions.NoSuchElementException: Message: no such element: Unable to locate element: {\"method\":\"xpath\",\"selector\":\"//header/div/button\"}\n  (Session info: chrome=83.0.4103.106); For documentation on this error, please visit: https://www.selenium.dev/documentation/webdriver/troubleshooting/errors#no-such-element-exception\nStacktrace:\n#0 0x55cd35e2c579 <unknown>","statusTrace":"@allure.title(\"Open Dashboard Menu\")\n    def test_open_menu_then_customers():\n        \"\"\"\n        Open the Customers page\n        \"\"\"\n        with allure.step(\"Open menu\"):\n>           driver.find_element(by=AppiumBy.XPATH, value=\"//header/div/button\").click()\n\ntest/test_WebApp.py:114: \n_ _ _ _ _ _ _ _ _ _ _ _ _ _ _ _ _ _ _ _ _ _ _ _ _ _ _ _ _ _ _ _ _ _ _ _ _ _ _ _ \n../../../.local/lib/python3.10/site-packages/appium/webdriver/webdriver.py:382: in find_element\n    return self.execute(RemoteCommand.FIND_ELEMENT, {'using': by, 'value': value})['value']\n../../../.local/lib/python3.10/site-packages/selenium/webdriver/remote/webdriver.py:354: in execute\n    self.error_handler.check_response(response)\n_ _ _ _ _ _ _ _ _ _ _ _ _ _ _ _ _ _ _ _ _ _ _ _ _ _ _ _ _ _ _ _ _ _ _ _ _ _ _ _ \n\nself = <appium.webdriver.errorhandler.MobileErrorHandler object at 0x7f5c2ed63790>\nresponse = {'status': 404, 'value': '{\"value\":{\"error\":\"no such element\",\"message\":\"no such element: Unable to locate element: {\\...:\\\\\"//header/div/button\\\\\"}\\\\n  (Session info: chrome=83.0.4103.106)\",\"stacktrace\":\"#0 0x55cd35e2c579 <unknown>\\\\n\"}}'}\n\n    def check_response(self, response: Dict[str, Any]) -> None:\n        \"\"\"\n        https://www.w3.org/TR/webdriver/#errors\n        \"\"\"\n        payload = response.get('value', '')\n        if isinstance(payload, dict):\n            payload_dict = payload\n        else:\n            try:\n                payload_dict = json.loads(payload)\n            except (json.JSONDecodeError, TypeError):\n                return\n            if not isinstance(payload_dict, dict):\n                return\n        value = payload_dict.get('value')\n        if not isinstance(value, dict):\n            return\n        error = value.get('error')\n        if not error:\n            return\n    \n        message = value.get('message', error)\n        stacktrace = value.get('stacktrace', '')\n        # In theory, we should also be checking HTTP status codes.\n        # Java client, for example, prints a warning if the actual `error`\n        # value does not match to the response's HTTP status code.\n        exception_class: Type[sel_exceptions.WebDriverException] = ERROR_TO_EXC_MAPPING.get(\n            error, sel_exceptions.WebDriverException\n        )\n        if exception_class is sel_exceptions.WebDriverException and message:\n            if message == 'No such context found.':\n                exception_class = appium_exceptions.NoSuchContextException\n            elif message == 'That command could not be executed in the current context.':\n                exception_class = appium_exceptions.InvalidSwitchToTargetException\n    \n        if exception_class is sel_exceptions.UnexpectedAlertPresentException:\n            raise sel_exceptions.UnexpectedAlertPresentException(\n                msg=message,\n                stacktrace=format_stacktrace(stacktrace),\n                alert_text=value.get('data'),\n            )\n>       raise exception_class(msg=message, stacktrace=format_stacktrace(stacktrace))\nE       selenium.common.exceptions.NoSuchElementException: Message: no such element: Unable to locate element: {\"method\":\"xpath\",\"selector\":\"//header/div/button\"}\nE         (Session info: chrome=83.0.4103.106); For documentation on this error, please visit: https://www.selenium.dev/documentation/webdriver/troubleshooting/errors#no-such-element-exception\nE       Stacktrace:\nE       #0 0x55cd35e2c579 <unknown>\n\n../../../.local/lib/python3.10/site-packages/appium/webdriver/errorhandler.py:125: NoSuchElementException","flaky":false,"newFailed":false,"newBroken":true,"newPassed":false,"retriesCount":0,"retriesStatusChange":false,"beforeStages":[],"testStage":{"description":"\n    Open the Customers page\n    ","status":"broken","statusMessage":"selenium.common.exceptions.NoSuchElementException: Message: no such element: Unable to locate element: {\"method\":\"xpath\",\"selector\":\"//header/div/button\"}\n  (Session info: chrome=83.0.4103.106); For documentation on this error, please visit: https://www.selenium.dev/documentation/webdriver/troubleshooting/errors#no-such-element-exception\nStacktrace:\n#0 0x55cd35e2c579 <unknown>","statusTrace":"@allure.title(\"Open Dashboard Menu\")\n    def test_open_menu_then_customers():\n        \"\"\"\n        Open the Customers page\n        \"\"\"\n        with allure.step(\"Open menu\"):\n>           driver.find_element(by=AppiumBy.XPATH, value=\"//header/div/button\").click()\n\ntest/test_WebApp.py:114: \n_ _ _ _ _ _ _ _ _ _ _ _ _ _ _ _ _ _ _ _ _ _ _ _ _ _ _ _ _ _ _ _ _ _ _ _ _ _ _ _ \n../../../.local/lib/python3.10/site-packages/appium/webdriver/webdriver.py:382: in find_element\n    return self.execute(RemoteCommand.FIND_ELEMENT, {'using': by, 'value': value})['value']\n../../../.local/lib/python3.10/site-packages/selenium/webdriver/remote/webdriver.py:354: in execute\n    self.error_handler.check_response(response)\n_ _ _ _ _ _ _ _ _ _ _ _ _ _ _ _ _ _ _ _ _ _ _ _ _ _ _ _ _ _ _ _ _ _ _ _ _ _ _ _ \n\nself = <appium.webdriver.errorhandler.MobileErrorHandler object at 0x7f5c2ed63790>\nresponse = {'status': 404, 'value': '{\"value\":{\"error\":\"no such element\",\"message\":\"no such element: Unable to locate element: {\\...:\\\\\"//header/div/button\\\\\"}\\\\n  (Session info: chrome=83.0.4103.106)\",\"stacktrace\":\"#0 0x55cd35e2c579 <unknown>\\\\n\"}}'}\n\n    def check_response(self, response: Dict[str, Any]) -> None:\n        \"\"\"\n        https://www.w3.org/TR/webdriver/#errors\n        \"\"\"\n        payload = response.get('value', '')\n        if isinstance(payload, dict):\n            payload_dict = payload\n        else:\n            try:\n                payload_dict = json.loads(payload)\n            except (json.JSONDecodeError, TypeError):\n                return\n            if not isinstance(payload_dict, dict):\n                return\n        value = payload_dict.get('value')\n        if not isinstance(value, dict):\n            return\n        error = value.get('error')\n        if not error:\n            return\n    \n        message = value.get('message', error)\n        stacktrace = value.get('stacktrace', '')\n        # In theory, we should also be checking HTTP status codes.\n        # Java client, for example, prints a warning if the actual `error`\n        # value does not match to the response's HTTP status code.\n        exception_class: Type[sel_exceptions.WebDriverException] = ERROR_TO_EXC_MAPPING.get(\n            error, sel_exceptions.WebDriverException\n        )\n        if exception_class is sel_exceptions.WebDriverException and message:\n            if message == 'No such context found.':\n                exception_class = appium_exceptions.NoSuchContextException\n            elif message == 'That command could not be executed in the current context.':\n                exception_class = appium_exceptions.InvalidSwitchToTargetException\n    \n        if exception_class is sel_exceptions.UnexpectedAlertPresentException:\n            raise sel_exceptions.UnexpectedAlertPresentException(\n                msg=message,\n                stacktrace=format_stacktrace(stacktrace),\n                alert_text=value.get('data'),\n            )\n>       raise exception_class(msg=message, stacktrace=format_stacktrace(stacktrace))\nE       selenium.common.exceptions.NoSuchElementException: Message: no such element: Unable to locate element: {\"method\":\"xpath\",\"selector\":\"//header/div/button\"}\nE         (Session info: chrome=83.0.4103.106); For documentation on this error, please visit: https://www.selenium.dev/documentation/webdriver/troubleshooting/errors#no-such-element-exception\nE       Stacktrace:\nE       #0 0x55cd35e2c579 <unknown>\n\n../../../.local/lib/python3.10/site-packages/appium/webdriver/errorhandler.py:125: NoSuchElementException","steps":[{"name":"Open menu","time":{"start":1728906609195,"stop":1728906624219,"duration":15024},"status":"broken","statusMessage":"selenium.common.exceptions.NoSuchElementException: Message: no such element: Unable to locate element: {\"method\":\"xpath\",\"selector\":\"//header/div/button\"}\n  (Session info: chrome=83.0.4103.106); For documentation on this error, please visit: https://www.selenium.dev/documentation/webdriver/troubleshooting/errors#no-such-element-exception\nStacktrace:\n#0 0x55cd35e2c579 <unknown>\n\n","statusTrace":"  File \"/home/runner/work/Appium_test/Appium_test/test/test_WebApp.py\", line 114, in test_open_menu_then_customers\n    driver.find_element(by=AppiumBy.XPATH, value=\"//header/div/button\").click()\n  File \"/home/runner/.local/lib/python3.10/site-packages/appium/webdriver/webdriver.py\", line 382, in find_element\n    return self.execute(RemoteCommand.FIND_ELEMENT, {'using': by, 'value': value})['value']\n  File \"/home/runner/.local/lib/python3.10/site-packages/selenium/webdriver/remote/webdriver.py\", line 354, in execute\n    self.error_handler.check_response(response)\n  File \"/home/runner/.local/lib/python3.10/site-packages/appium/webdriver/errorhandler.py\", line 125, in check_response\n    raise exception_class(msg=message, stacktrace=format_stacktrace(stacktrace))\n","steps":[],"attachments":[],"parameters":[],"shouldDisplayMessage":true,"stepsCount":0,"attachmentsCount":0,"hasContent":true}],"attachments":[],"parameters":[],"shouldDisplayMessage":true,"stepsCount":1,"attachmentsCount":0,"hasContent":true},"afterStages":[],"labels":[{"name":"feature","value":"Test Customers Table"},{"name":"epic","value":"Customers Epic"},{"name":"parentSuite","value":"test"},{"name":"suite","value":"test_WebApp"},{"name":"host","value":"fv-az1019-265"},{"name":"thread","value":"3038-MainThread"},{"name":"framework","value":"pytest"},{"name":"language","value":"cpython3"},{"name":"package","value":"test.test_WebApp"},{"name":"resultFormat","value":"allure2"}],"parameters":[],"links":[],"hidden":false,"retry":false,"extra":{"severity":"normal","retries":[],"categories":[{"name":"Test defects","matchedStatuses":[],"flaky":false}],"history":{"statistic":{"failed":0,"broken":1,"skipped":0,"passed":1,"unknown":0,"total":2},"items":[{"uid":"b3f162343ce6d59b","reportUrl":"https://HolmesMR-AL.github.io/Appium_test/55//#testresult/b3f162343ce6d59b","status":"passed","time":{"start":1728906605554,"stop":1728906607293,"duration":1739}}]},"tags":[]},"source":"19d4efdc0824dbd7.json","parameterValues":[]}