{"uid":"cac0288286b22e4a","name":"test_close_modal","fullName":"test.test_WebApp#test_close_modal","historyId":"d3e1441c2b213534ba6821219689e486","time":{"start":1728907548660,"stop":1728907567181,"duration":18521},"description":"\n    close modal\n    ","descriptionHtml":"<pre><code>close modal\n</code></pre>\n","status":"passed","flaky":false,"newFailed":false,"newBroken":false,"newPassed":true,"retriesCount":0,"retriesStatusChange":false,"beforeStages":[],"testStage":{"description":"\n    close modal\n    ","status":"passed","steps":[{"name":"close modal","time":{"start":1728907548660,"stop":1728907567180,"duration":18520},"status":"passed","steps":[],"attachments":[],"parameters":[],"shouldDisplayMessage":false,"stepsCount":0,"attachmentsCount":0,"hasContent":false}],"attachments":[],"parameters":[],"shouldDisplayMessage":false,"stepsCount":1,"attachmentsCount":0,"hasContent":true},"afterStages":[],"labels":[{"name":"feature","value":"Test Customers Table"},{"name":"epic","value":"Customers Epic"},{"name":"parentSuite","value":"test"},{"name":"suite","value":"test_WebApp"},{"name":"host","value":"fv-az702-150"},{"name":"thread","value":"3055-MainThread"},{"name":"framework","value":"pytest"},{"name":"language","value":"cpython3"},{"name":"package","value":"test.test_WebApp"},{"name":"resultFormat","value":"allure2"}],"parameters":[],"links":[],"hidden":false,"retry":false,"extra":{"severity":"normal","retries":[],"categories":[],"history":{"statistic":{"failed":0,"broken":2,"skipped":0,"passed":1,"unknown":0,"total":3},"items":[{"uid":"8c90db8dfd746d92","reportUrl":"https://HolmesMR-AL.github.io/Appium_test/55//#testresult/8c90db8dfd746d92","status":"broken","statusDetails":"selenium.common.exceptions.NoSuchElementException: Message: no such element: Unable to locate element: {\"method\":\"xpath\",\"selector\":\"//button[@aria-label=\"view\"]\"}\n  (Session info: chrome=83.0.4103.106); For documentation on this error, please visit: https://www.selenium.dev/documentation/webdriver/troubleshooting/errors#no-such-element-exception\nStacktrace:\n#0 0x55cd35e2c579 <unknown>","time":{"start":1728906591102,"stop":1728906609178,"duration":18076}},{"uid":"af263cd01f8493a0","reportUrl":"https://HolmesMR-AL.github.io/Appium_test/55//#testresult/af263cd01f8493a0","status":"broken","statusDetails":"selenium.common.exceptions.NoSuchElementException: Message: no such element: Unable to locate element: {\"method\":\"xpath\",\"selector\":\"//button[@data-testid='modal-close']\"}\n  (Session info: chrome=83.0.4103.106); For documentation on this error, please visit: https://www.selenium.dev/documentation/webdriver/troubleshooting/errors#no-such-element-exception\nStacktrace:\n#0 0x5617f88ab579 <unknown>","time":{"start":1728906581262,"stop":1728906605527,"duration":24265}}]},"tags":[]},"source":"cac0288286b22e4a.json","parameterValues":[]}