{"uid":"6f622b5f4782c205","name":"Open Dashboard Menu","fullName":"test.test_WebApp#test_cannot_submit_form","historyId":"6da2b1395d3231bd0adf8de4d637e547","time":{"start":1729082657079,"stop":1729082673527,"duration":16448},"description":"\n    Test that the form cannot be submitted without required fields\n    ","descriptionHtml":"<pre><code>Test that the form cannot be submitted without required fields\n</code></pre>\n","status":"broken","statusMessage":"selenium.common.exceptions.MoveTargetOutOfBoundsException: Message: move target out of bounds\n  (Session info: chrome=83.0.4103.106)\nStacktrace:\n#0 0x559739b96579 <unknown>","statusTrace":"appium_driver = <appium.webdriver.webdriver.WebDriver (session=\"80eb734c-59b0-4232-884f-b4350bd5b6f3\")>\n\n    @allure.title(\"Open Dashboard Menu\")\n    def test_cannot_submit_form(appium_driver):\n        \"\"\"\n        Test that the form cannot be submitted without required fields\n        \"\"\"\n        with allure.step(\"Open form\"):\n            try:\n                appium_driver.find_element(\n                    by=AppiumBy.XPATH,\n                    value='//android.widget.Button[@text=\"CREATE CUSTOMER\"]',\n                ).click()\n            except NoSuchElementException:\n                pass\n    \n            time.sleep(1)\n            actions = ActionChains(appium_driver)\n            # override as 'touch' pointer action\n            actions.w3c_actions = ActionBuilder(appium_driver, mouse=PointerInput(interaction.POINTER_TOUCH, \"touch\"))\n            actions.w3c_actions.pointer_action.move_to_location(870, 2600)\n            actions.w3c_actions.pointer_action.pointer_down()\n            actions.w3c_actions.pointer_action.pause(2)\n            actions.w3c_actions.pointer_action.move_to_location(870, 1000)\n            actions.w3c_actions.pointer_action.release()\n>           actions.perform()\n\ntest/test_WebApp.py:112: \n_ _ _ _ _ _ _ _ _ _ _ _ _ _ _ _ _ _ _ _ _ _ _ _ _ _ _ _ _ _ _ _ _ _ _ _ _ _ _ _ \n../../../.local/lib/python3.10/site-packages/selenium/webdriver/common/action_chains.py:94: in perform\n    self.w3c_actions.perform()\n../../../.local/lib/python3.10/site-packages/selenium/webdriver/common/actions/action_builder.py:96: in perform\n    self.driver.execute(Command.W3C_ACTIONS, enc)\n../../../.local/lib/python3.10/site-packages/selenium/webdriver/remote/webdriver.py:354: in execute\n    self.error_handler.check_response(response)\n_ _ _ _ _ _ _ _ _ _ _ _ _ _ _ _ _ _ _ _ _ _ _ _ _ _ _ _ _ _ _ _ _ _ _ _ _ _ _ _ \n\nself = <appium.webdriver.errorhandler.MobileErrorHandler object at 0x7fe9a3ec6bc0>\nresponse = {'status': 500, 'value': '{\"value\":{\"error\":\"move target out of bounds\",\"message\":\"move target out of bounds\\\\n  (Session info: chrome=83.0.4103.106)\",\"stacktrace\":\"#0 0x559739b96579 <unknown>\\\\n\"}}'}\n\n    def check_response(self, response: Dict[str, Any]) -> None:\n        \"\"\"\n        https://www.w3.org/TR/webdriver/#errors\n        \"\"\"\n        payload = response.get('value', '')\n        if isinstance(payload, dict):\n            payload_dict = payload\n        else:\n            try:\n                payload_dict = json.loads(payload)\n            except (json.JSONDecodeError, TypeError):\n                return\n            if not isinstance(payload_dict, dict):\n                return\n        value = payload_dict.get('value')\n        if not isinstance(value, dict):\n            return\n        error = value.get('error')\n        if not error:\n            return\n    \n        message = value.get('message', error)\n        stacktrace = value.get('stacktrace', '')\n        # In theory, we should also be checking HTTP status codes.\n        # Java client, for example, prints a warning if the actual `error`\n        # value does not match to the response's HTTP status code.\n        exception_class: Type[sel_exceptions.WebDriverException] = ERROR_TO_EXC_MAPPING.get(\n            error, sel_exceptions.WebDriverException\n        )\n        if exception_class is sel_exceptions.WebDriverException and message:\n            if message == 'No such context found.':\n                exception_class = appium_exceptions.NoSuchContextException\n            elif message == 'That command could not be executed in the current context.':\n                exception_class = appium_exceptions.InvalidSwitchToTargetException\n    \n        if exception_class is sel_exceptions.UnexpectedAlertPresentException:\n            raise sel_exceptions.UnexpectedAlertPresentException(\n                msg=message,\n                stacktrace=format_stacktrace(stacktrace),\n                alert_text=value.get('data'),\n            )\n>       raise exception_class(msg=message, stacktrace=format_stacktrace(stacktrace))\nE       selenium.common.exceptions.MoveTargetOutOfBoundsException: Message: move target out of bounds\nE         (Session info: chrome=83.0.4103.106)\nE       Stacktrace:\nE       #0 0x559739b96579 <unknown>\n\n../../../.local/lib/python3.10/site-packages/appium/webdriver/errorhandler.py:125: MoveTargetOutOfBoundsException","flaky":false,"newFailed":false,"newBroken":false,"newPassed":false,"retriesCount":0,"retriesStatusChange":false,"beforeStages":[{"name":"appium_driver","time":{"start":1729082590597,"stop":1729082619495,"duration":28898},"status":"passed","steps":[],"attachments":[],"parameters":[],"shouldDisplayMessage":false,"stepsCount":0,"attachmentsCount":0,"hasContent":false}],"testStage":{"description":"\n    Test that the form cannot be submitted without required fields\n    ","status":"broken","statusMessage":"selenium.common.exceptions.MoveTargetOutOfBoundsException: Message: move target out of bounds\n  (Session info: chrome=83.0.4103.106)\nStacktrace:\n#0 0x559739b96579 <unknown>","statusTrace":"appium_driver = <appium.webdriver.webdriver.WebDriver (session=\"80eb734c-59b0-4232-884f-b4350bd5b6f3\")>\n\n    @allure.title(\"Open Dashboard Menu\")\n    def test_cannot_submit_form(appium_driver):\n        \"\"\"\n        Test that the form cannot be submitted without required fields\n        \"\"\"\n        with allure.step(\"Open form\"):\n            try:\n                appium_driver.find_element(\n                    by=AppiumBy.XPATH,\n                    value='//android.widget.Button[@text=\"CREATE CUSTOMER\"]',\n                ).click()\n            except NoSuchElementException:\n                pass\n    \n            time.sleep(1)\n            actions = ActionChains(appium_driver)\n            # override as 'touch' pointer action\n            actions.w3c_actions = ActionBuilder(appium_driver, mouse=PointerInput(interaction.POINTER_TOUCH, \"touch\"))\n            actions.w3c_actions.pointer_action.move_to_location(870, 2600)\n            actions.w3c_actions.pointer_action.pointer_down()\n            actions.w3c_actions.pointer_action.pause(2)\n            actions.w3c_actions.pointer_action.move_to_location(870, 1000)\n            actions.w3c_actions.pointer_action.release()\n>           actions.perform()\n\ntest/test_WebApp.py:112: \n_ _ _ _ _ _ _ _ _ _ _ _ _ _ _ _ _ _ _ _ _ _ _ _ _ _ _ _ _ _ _ _ _ _ _ _ _ _ _ _ \n../../../.local/lib/python3.10/site-packages/selenium/webdriver/common/action_chains.py:94: in perform\n    self.w3c_actions.perform()\n../../../.local/lib/python3.10/site-packages/selenium/webdriver/common/actions/action_builder.py:96: in perform\n    self.driver.execute(Command.W3C_ACTIONS, enc)\n../../../.local/lib/python3.10/site-packages/selenium/webdriver/remote/webdriver.py:354: in execute\n    self.error_handler.check_response(response)\n_ _ _ _ _ _ _ _ _ _ _ _ _ _ _ _ _ _ _ _ _ _ _ _ _ _ _ _ _ _ _ _ _ _ _ _ _ _ _ _ \n\nself = <appium.webdriver.errorhandler.MobileErrorHandler object at 0x7fe9a3ec6bc0>\nresponse = {'status': 500, 'value': '{\"value\":{\"error\":\"move target out of bounds\",\"message\":\"move target out of bounds\\\\n  (Session info: chrome=83.0.4103.106)\",\"stacktrace\":\"#0 0x559739b96579 <unknown>\\\\n\"}}'}\n\n    def check_response(self, response: Dict[str, Any]) -> None:\n        \"\"\"\n        https://www.w3.org/TR/webdriver/#errors\n        \"\"\"\n        payload = response.get('value', '')\n        if isinstance(payload, dict):\n            payload_dict = payload\n        else:\n            try:\n                payload_dict = json.loads(payload)\n            except (json.JSONDecodeError, TypeError):\n                return\n            if not isinstance(payload_dict, dict):\n                return\n        value = payload_dict.get('value')\n        if not isinstance(value, dict):\n            return\n        error = value.get('error')\n        if not error:\n            return\n    \n        message = value.get('message', error)\n        stacktrace = value.get('stacktrace', '')\n        # In theory, we should also be checking HTTP status codes.\n        # Java client, for example, prints a warning if the actual `error`\n        # value does not match to the response's HTTP status code.\n        exception_class: Type[sel_exceptions.WebDriverException] = ERROR_TO_EXC_MAPPING.get(\n            error, sel_exceptions.WebDriverException\n        )\n        if exception_class is sel_exceptions.WebDriverException and message:\n            if message == 'No such context found.':\n                exception_class = appium_exceptions.NoSuchContextException\n            elif message == 'That command could not be executed in the current context.':\n                exception_class = appium_exceptions.InvalidSwitchToTargetException\n    \n        if exception_class is sel_exceptions.UnexpectedAlertPresentException:\n            raise sel_exceptions.UnexpectedAlertPresentException(\n                msg=message,\n                stacktrace=format_stacktrace(stacktrace),\n                alert_text=value.get('data'),\n            )\n>       raise exception_class(msg=message, stacktrace=format_stacktrace(stacktrace))\nE       selenium.common.exceptions.MoveTargetOutOfBoundsException: Message: move target out of bounds\nE         (Session info: chrome=83.0.4103.106)\nE       Stacktrace:\nE       #0 0x559739b96579 <unknown>\n\n../../../.local/lib/python3.10/site-packages/appium/webdriver/errorhandler.py:125: MoveTargetOutOfBoundsException","steps":[{"name":"Open form","time":{"start":1729082657079,"stop":1729082673526,"duration":16447},"status":"broken","statusMessage":"selenium.common.exceptions.MoveTargetOutOfBoundsException: Message: move target out of bounds\n  (Session info: chrome=83.0.4103.106)\nStacktrace:\n#0 0x559739b96579 <unknown>\n\n","statusTrace":"  File \"/home/runner/work/Appium_test/Appium_test/test/test_WebApp.py\", line 112, in test_cannot_submit_form\n    actions.perform()\n  File \"/home/runner/.local/lib/python3.10/site-packages/selenium/webdriver/common/action_chains.py\", line 94, in perform\n    self.w3c_actions.perform()\n  File \"/home/runner/.local/lib/python3.10/site-packages/selenium/webdriver/common/actions/action_builder.py\", line 96, in perform\n    self.driver.execute(Command.W3C_ACTIONS, enc)\n  File \"/home/runner/.local/lib/python3.10/site-packages/selenium/webdriver/remote/webdriver.py\", line 354, in execute\n    self.error_handler.check_response(response)\n  File \"/home/runner/.local/lib/python3.10/site-packages/appium/webdriver/errorhandler.py\", line 125, in check_response\n    raise exception_class(msg=message, stacktrace=format_stacktrace(stacktrace))\n","steps":[],"attachments":[],"parameters":[],"shouldDisplayMessage":true,"stepsCount":0,"attachmentsCount":0,"hasContent":true}],"attachments":[],"parameters":[],"shouldDisplayMessage":true,"stepsCount":1,"attachmentsCount":0,"hasContent":true},"afterStages":[{"name":"appium_driver::fin","time":{"start":1729082673554,"stop":1729082674289,"duration":735},"status":"passed","steps":[],"attachments":[],"parameters":[],"shouldDisplayMessage":false,"stepsCount":0,"attachmentsCount":0,"hasContent":false}],"labels":[{"name":"feature","value":"Test Customers Table"},{"name":"epic","value":"Customers Epic"},{"name":"parentSuite","value":"test"},{"name":"suite","value":"test_WebApp"},{"name":"host","value":"fv-az841-587"},{"name":"thread","value":"3047-MainThread"},{"name":"framework","value":"pytest"},{"name":"language","value":"cpython3"},{"name":"package","value":"test.test_WebApp"},{"name":"resultFormat","value":"allure2"}],"parameters":[],"links":[],"hidden":false,"retry":false,"extra":{"severity":"normal","retries":[],"categories":[{"name":"Test defects","matchedStatuses":[],"flaky":false}],"history":{"statistic":{"failed":0,"broken":5,"skipped":0,"passed":0,"unknown":0,"total":5},"items":[{"uid":"f8458da96d414d52","reportUrl":"https://HolmesMR-AL.github.io/Appium_test/56//#testresult/f8458da96d414d52","status":"broken","statusDetails":"selenium.common.exceptions.MoveTargetOutOfBoundsException: Message: move target out of bounds\n  (Session info: chrome=83.0.4103.106)\nStacktrace:\n#0 0x56337b699579 <unknown>","time":{"start":1728907577230,"stop":1728907593931,"duration":16701}},{"uid":"73587261adf025df","reportUrl":"https://HolmesMR-AL.github.io/Appium_test/56//#testresult/73587261adf025df","status":"broken","statusDetails":"selenium.common.exceptions.MoveTargetOutOfBoundsException: Message: move target out of bounds\n  (Session info: chrome=83.0.4103.106)\nStacktrace:\n#0 0x555d87005579 <unknown>","time":{"start":1728907570105,"stop":1728907586280,"duration":16175}},{"uid":"eb1bea1edd1932f6","reportUrl":"https://HolmesMR-AL.github.io/Appium_test/55//#testresult/eb1bea1edd1932f6","status":"broken","statusDetails":"selenium.common.exceptions.MoveTargetOutOfBoundsException: Message: move target out of bounds\n  (Session info: chrome=83.0.4103.106)\nStacktrace:\n#0 0x55cd35e2c579 <unknown>","time":{"start":1728906624236,"stop":1728906640270,"duration":16034}},{"uid":"f14b45e035501b31","reportUrl":"https://HolmesMR-AL.github.io/Appium_test/55//#testresult/f14b45e035501b31","status":"broken","statusDetails":"selenium.common.exceptions.MoveTargetOutOfBoundsException: Message: move target out of bounds\n  (Session info: chrome=83.0.4103.106)\nStacktrace:\n#0 0x5617f88ab579 <unknown>","time":{"start":1728906607295,"stop":1728906623418,"duration":16123}}]},"tags":[]},"source":"6f622b5f4782c205.json","parameterValues":[]}